Removed Pin From Net: NetName=NetR14_1 Pin=R14-1
Removed Pin From Net: NetName=SPI_MISO Pin=R14-2
Removed Pin From Net: NetName=NetR16_1 Pin=R16-1
Removed Pin From Net: NetName=SPI_SCK Pin=R16-2
Removed Pin From Net: NetName=NetR19_1 Pin=R19-1
Removed Pin From Net: NetName=SPI_MOSI Pin=R19-2
Removed Pin From Net: NetName=LED_DR0 Pin=U3-19
Removed Pin From Net: NetName=LED_DR1 Pin=U3-20
Removed Pin From Net: NetName=LED_DR2 Pin=U3-21
Removed Pin From Net: NetName=LED_DR3 Pin=U3-22
Removed Pin From Net: NetName=NET_CTRL Pin=U3-23
Removed Pin From Net: NetName=NetR19_1 Pin=U3-25
Removed Pin From Net: NetName=NetR14_1 Pin=U3-26
Removed Pin From Net: NetName=NetR16_1 Pin=U3-27
Added Pin To Net: NetName=SPI_MISO Pin=R14-1
Added Pin To Net: NetName=NetR14_1 Pin=R14-2
Added Pin To Net: NetName=SPI_SCK Pin=R16-1
Added Pin To Net: NetName=NetR16_1 Pin=R16-2
Added Pin To Net: NetName=SPI_MOSI Pin=R19-1
Added Pin To Net: NetName=NetR19_1 Pin=R19-2
Added Pin To Net: NetName=NetR19_1 Pin=U3-19
Added Pin To Net: NetName=NetR14_1 Pin=U3-20
Added Pin To Net: NetName=NetR16_1 Pin=U3-21
Added Pin To Net: NetName=LED_DR0 Pin=U3-22
Added Pin To Net: NetName=LED_DR1 Pin=U3-23
Added Pin To Net: NetName=LED_DR2 Pin=U3-25
Added Pin To Net: NetName=LED_DR3 Pin=U3-26
Added Pin To Net: NetName=NET_CTRL Pin=U3-27
Change Net Name : Old Net Name=NetR14_1 New Net Name=NetR14_2
Change Net Name : Old Net Name=NetR16_1 New Net Name=NetR16_2
Change Net Name : Old Net Name=NetR19_1 New Net Name=NetR19_2
