Removed Pin From Net: NetName=SPI_MISO Pin=R14-1
Removed Pin From Net: NetName=NetR14_2 Pin=R14-2
Removed Pin From Net: NetName=SPI_MOSI Pin=R16-1
Removed Pin From Net: NetName=NetR16_2 Pin=R16-2
Removed Pin From Net: NetName=NetR17_1 Pin=R17-1
Removed Pin From Net: NetName=NET_INT Pin=R17-2
Removed Pin From Net: NetName=SPI_SCK Pin=R19-1
Removed Pin From Net: NetName=NetR19_2 Pin=R19-2
Removed Pin From Net: NetName=NetR16_2 Pin=U3-6
Removed Pin From Net: NetName=NetR14_2 Pin=U3-7
Removed Pin From Net: NetName=NetR19_2 Pin=U3-8
Removed Pin From Net: NetName=NetR13_2 Pin=U3-9
Removed Pin From Net: NetName=F\L\A\S\H\_\H\O\L\D\ Pin=U3-25
Removed Pin From Net: NetName=NetR17_1 Pin=U3-26
Removed Pin From Net: NetName=F\L\A\S\H\_\W\P\ Pin=U3-27
Added Pin To Net: NetName=NetR14_2 Pin=R14-1
Added Pin To Net: NetName=SPI_MISO Pin=R14-2
Added Pin To Net: NetName=NetR16_2 Pin=R16-1
Added Pin To Net: NetName=SPI_SCK Pin=R16-2
Added Pin To Net: NetName=NET_INT Pin=R17-1
Added Pin To Net: NetName=NetR17_1 Pin=R17-2
Added Pin To Net: NetName=NetR19_2 Pin=R19-1
Added Pin To Net: NetName=SPI_MOSI Pin=R19-2
Added Pin To Net: NetName=NetR13_2 Pin=U3-6
Added Pin To Net: NetName=NetR17_1 Pin=U3-7
Added Pin To Net: NetName=F\L\A\S\H\_\W\P\ Pin=U3-8
Added Pin To Net: NetName=F\L\A\S\H\_\H\O\L\D\ Pin=U3-9
Added Pin To Net: NetName=NetR19_2 Pin=U3-25
Added Pin To Net: NetName=NetR14_2 Pin=U3-26
Added Pin To Net: NetName=NetR16_2 Pin=U3-27
Change Net Name : Old Net Name=NetR14_2 New Net Name=NetR14_1
Change Net Name : Old Net Name=NetR16_2 New Net Name=NetR16_1
Change Net Name : Old Net Name=NetR17_1 New Net Name=NetR17_2
Change Net Name : Old Net Name=NetR19_2 New Net Name=NetR19_1
