Removed Pin From Net: NetName=NetR17_1 Pin=R17-1
Removed Pin From Net: NetName=SPI_BLE_CS Pin=R17-2
Removed Pin From Net: NetName=NetR19_1 Pin=R19-1
Removed Pin From Net: NetName=SPI_MOSI Pin=R19-2
Removed Pin From Net: NetName=SPI_MISO Pin=R20-2
Removed Pin From Net: NetName=NetR17_1 Pin=U3-5
Removed Pin From Net: NetName=SPI_CSN_NET Pin=U3-8
Removed Pin From Net: NetName=SPI_RTC_CS Pin=U3-11
Removed Pin From Net: NetName=SPI_CSN_DW Pin=U3-29
Removed Pin From Net: NetName=NetR19_1 Pin=U3-53
Removed Pin From Net: NetName=NetR18_1 Pin=U3-54
Added Pin To Net: NetName=SPI_MOSI Pin=R17-1
Added Pin To Net: NetName=NetR17_1 Pin=R17-2
Added Pin To Net: NetName=SPI_MISO Pin=R19-1
Added Pin To Net: NetName=NetR19_1 Pin=R19-2
Added Pin To Net: NetName=SPI_BLE_CS Pin=R20-2
Added Pin To Net: NetName=SPI_RTC_CS Pin=U3-5
Added Pin To Net: NetName=NetR19_1 Pin=U3-8
Added Pin To Net: NetName=NetR17_1 Pin=U3-11
Added Pin To Net: NetName=NetR18_1 Pin=U3-29
Added Pin To Net: NetName=SPI_CSN_DW Pin=U3-53
Added Pin To Net: NetName=SPI_CSN_NET Pin=U3-54
Change Net Name : Old Net Name=NetR17_1 New Net Name=NetR17_2
Change Net Name : Old Net Name=NetR19_1 New Net Name=NetR19_2
