Added Component: Designator=C1(2220)
Added Component: Designator=C2(1210)
Added Component: Designator=C3(2917)
Added Component: Designator=J1(TFM-105-02-L-S)
Added Component: Designator=J2(TFM-105-02-L-S)
Added Component: Designator=J3(SFM-105-02-L-S)
Added Component: Designator=J4(SFM-105-02-L-S)
Added Component: Designator=L1(SLF10145)
Added Component: Designator=U1(MSE16(12))
Added Pin To Net: NetName=GND Pin=C1-2
Added Pin To Net: NetName=GND Pin=C2-2
Added Pin To Net: NetName=GND Pin=C3-2
Added Pin To Net: NetName=GND Pin=U1-7
Added Pin To Net: NetName=GND Pin=U1-8
Added Pin To Net: NetName=GND Pin=U1-14
Added Pin To Net: NetName=GND Pin=U1-16
Added Pin To Net: NetName=GND Pin=U1-17
Added Net: Name=GND
Added Pin To Net: NetName=NetL1_2 Pin=L1-2
Added Pin To Net: NetName=NetL1_2 Pin=U1-1
Added Net: Name=NetL1_2
Added Pin To Net: NetName=NetU1_6 Pin=U1-6
Added Pin To Net: NetName=NetU1_6 Pin=U1-10
Added Net: Name=NetU1_6
Added Pin To Net: NetName=VCC3.3 Pin=C2-1
Added Pin To Net: NetName=VCC3.3 Pin=C3-1
Added Pin To Net: NetName=VCC3.3 Pin=L1-1
Added Pin To Net: NetName=VCC3.3 Pin=U1-9
Added Net: Name=VCC3.3
Added Pin To Net: NetName=VIN Pin=C1-1
Added Pin To Net: NetName=VIN Pin=U1-3
Added Net: Name=VIN
Added Class: Name=main_pwr
Added Room: Name=main_pwr
