Added Component: Designator=ANT1(Inverted F Antenna)
Added Component: Designator=B1(2450BM14A0002)
Added Component: Designator=C1(0402)
Added Component: Designator=C2(0402)
Added Component: Designator=C3(0402)
Added Component: Designator=C4(0402)
Added Component: Designator=C5(0402)
Added Component: Designator=C6(0402)
Added Component: Designator=C7(0402)
Added Component: Designator=C8(0402)
Added Component: Designator=C9(0402)
Added Component: Designator=C10(0402)
Added Component: Designator=C11(0402)
Added Component: Designator=C12(0402)
Added Component: Designator=C13(2220)
Added Component: Designator=C14(1210)
Added Component: Designator=C15(2917)
Added Component: Designator=C16(0402)
Added Component: Designator=C17(0402)
Added Component: Designator=C18(0603)
Added Component: Designator=C19(0402)
Added Component: Designator=C20(0603 - Polar Marking)
Added Component: Designator=C21(0402)
Added Component: Designator=C22(0402)
Added Component: Designator=C23(0402)
Added Component: Designator=C24(0402)
Added Component: Designator=C25(0402)
Added Component: Designator=C26(0402)
Added Component: Designator=C27(0402)
Added Component: Designator=C28(0402)
Added Component: Designator=C29(0603)
Added Component: Designator=C30(0402)
Added Component: Designator=C31(0402)
Added Component: Designator=C32(0603)
Added Component: Designator=C33(0402)
Added Component: Designator=C34(0402)
Added Component: Designator=C35(0402)
Added Component: Designator=C36(0402)
Added Component: Designator=C37(0402)
Added Component: Designator=C38(0402)
Added Component: Designator=C39(0402)
Added Component: Designator=C40(0402)
Added Component: Designator=C41(0402)
Added Component: Designator=C42(0402)
Added Component: Designator=C43(0402)
Added Component: Designator=C44(0402)
Added Component: Designator=C45(0402)
Added Component: Designator=C46(0402)
Added Component: Designator=C47(0402)
Added Component: Designator=D1(0402 - DIODE)
Added Component: Designator=D2(0402 - DIODE)
Added Component: Designator=D3(0402 - DIODE)
Added Component: Designator=FB1(0402)
Added Component: Designator=FB2(0402)
Added Component: Designator=J1(Micro USB-B)
Added Component: Designator=J2(SFM-105-02-L-S)
Added Component: Designator=J3(SFM-105-02-L-S)
Added Component: Designator=J4(SFM-105-02-L-S)
Added Component: Designator=J5(SFM-105-02-L-S)
Added Component: Designator=L1(SLF10145)
Added Component: Designator=L2(0402)
Added Component: Designator=L3(0603)
Added Component: Designator=P1(1x3 header)
Added Component: Designator=P2(2x4 header)
Added Component: Designator=R1(0402)
Added Component: Designator=R2(0402)
Added Component: Designator=R3(0402)
Added Component: Designator=R4(0402)
Added Component: Designator=R5(0402)
Added Component: Designator=R6(0402)
Added Component: Designator=R7(0402)
Added Component: Designator=R8(0402)
Added Component: Designator=R9(0402)
Added Component: Designator=R10(0402)
Added Component: Designator=R11(0402)
Added Component: Designator=R12(0402)
Added Component: Designator=R13(0402)
Added Component: Designator=R14(0402)
Added Component: Designator=R15(0402)
Added Component: Designator=R16(0402)
Added Component: Designator=R17(0402)
Added Component: Designator=R18(0402)
Added Component: Designator=R19(0402)
Added Component: Designator=R20(0402)
Added Component: Designator=R21(0402)
Added Component: Designator=R22(0402)
Added Component: Designator=R23(0402)
Added Component: Designator=R24(0402)
Added Component: Designator=SW1(CHS-06TB)
Added Component: Designator=SW2(minimold-6)
Added Component: Designator=U1(QFN56)
Added Component: Designator=U2(MSE16(12))
Added Component: Designator=U3(QFN-32)
Added Component: Designator=U4(QFN32)
Added Component: Designator=U5(SC-70-5 (DCK))
Added Component: Designator=U6(WSON)
Added Component: Designator=Y1(ABS05)
Added Component: Designator=Y2(TSX-3225)
Added Component: Designator=Y3(FA-128)
Added Component: Designator=Y4(RV4162)
Added Pin To Net: NetName=ANTENNA Pin=ANT1-SIG
Added Pin To Net: NetName=ANTENNA Pin=C41-2
Added Net: Name=ANTENNA
Added Pin To Net: NetName=B\L\E\_\R\D\Y\ Pin=U1-30
Added Pin To Net: NetName=B\L\E\_\R\D\Y\ Pin=U4-16
Added Net: Name=B\L\E\_\R\D\Y\
Added Pin To Net: NetName=BLE_ACTIVE Pin=U1-31
Added Pin To Net: NetName=BLE_ACTIVE Pin=U4-6
Added Net: Name=BLE_ACTIVE
Added Pin To Net: NetName=BLE_ANT_N Pin=B1-3
Added Pin To Net: NetName=BLE_ANT_N Pin=U4-22
Added Net: Name=BLE_ANT_N
Added Pin To Net: NetName=BLE_ANT_P Pin=B1-4
Added Pin To Net: NetName=BLE_ANT_P Pin=U4-21
Added Net: Name=BLE_ANT_P
Added Pin To Net: NetName=CC2538_RESETN Pin=P2-6
Added Pin To Net: NetName=CC2538_RESETN Pin=R2-2
Added Pin To Net: NetName=CC2538_RESETN Pin=R6-2
Added Net: Name=CC2538_RESETN
Added Pin To Net: NetName=CC2538_RF_N Pin=U1-38
Added Net: Name=CC2538_RF_N
Added Pin To Net: NetName=CC2538_RF_P Pin=U1-37
Added Net: Name=CC2538_RF_P
Added Pin To Net: NetName=GND Pin=ANT1-GND
Added Pin To Net: NetName=GND Pin=B1-2
Added Pin To Net: NetName=GND Pin=C1-2
Added Pin To Net: NetName=GND Pin=C2-2
Added Pin To Net: NetName=GND Pin=C3-2
Added Pin To Net: NetName=GND Pin=C4-2
Added Pin To Net: NetName=GND Pin=C5-2
Added Pin To Net: NetName=GND Pin=C6-2
Added Pin To Net: NetName=GND Pin=C7-2
Added Pin To Net: NetName=GND Pin=C8-2
Added Pin To Net: NetName=GND Pin=C9-2
Added Pin To Net: NetName=GND Pin=C10-2
Added Pin To Net: NetName=GND Pin=C11-2
Added Pin To Net: NetName=GND Pin=C12-2
Added Pin To Net: NetName=GND Pin=C13-2
Added Pin To Net: NetName=GND Pin=C14-2
Added Pin To Net: NetName=GND Pin=C15-2
Added Pin To Net: NetName=GND Pin=C16-2
Added Pin To Net: NetName=GND Pin=C17-2
Added Pin To Net: NetName=GND Pin=C18-2
Added Pin To Net: NetName=GND Pin=C19-2
Added Pin To Net: NetName=GND Pin=C20-2
Added Pin To Net: NetName=GND Pin=C21-2
Added Pin To Net: NetName=GND Pin=C22-2
Added Pin To Net: NetName=GND Pin=C23-2
Added Pin To Net: NetName=GND Pin=C24-2
Added Pin To Net: NetName=GND Pin=C25-2
Added Pin To Net: NetName=GND Pin=C26-2
Added Pin To Net: NetName=GND Pin=C27-2
Added Pin To Net: NetName=GND Pin=C28-2
Added Pin To Net: NetName=GND Pin=C29-2
Added Pin To Net: NetName=GND Pin=C30-2
Added Pin To Net: NetName=GND Pin=C31-2
Added Pin To Net: NetName=GND Pin=C32-2
Added Pin To Net: NetName=GND Pin=C33-2
Added Pin To Net: NetName=GND Pin=C34-2
Added Pin To Net: NetName=GND Pin=C35-2
Added Pin To Net: NetName=GND Pin=C36-2
Added Pin To Net: NetName=GND Pin=C37-2
Added Pin To Net: NetName=GND Pin=C38-2
Added Pin To Net: NetName=GND Pin=C39-1
Added Pin To Net: NetName=GND Pin=C43-2
Added Pin To Net: NetName=GND Pin=C44-1
Added Pin To Net: NetName=GND Pin=C45-1
Added Pin To Net: NetName=GND Pin=C46-2
Added Pin To Net: NetName=GND Pin=C47-2
Added Pin To Net: NetName=GND Pin=J1-5
Added Pin To Net: NetName=GND Pin=J2-2
Added Pin To Net: NetName=GND Pin=J2-3
Added Pin To Net: NetName=GND Pin=J2-4
Added Pin To Net: NetName=GND Pin=J2-5
Added Pin To Net: NetName=GND Pin=J3-2
Added Pin To Net: NetName=GND Pin=J3-3
Added Pin To Net: NetName=GND Pin=J3-4
Added Pin To Net: NetName=GND Pin=J3-5
Added Pin To Net: NetName=GND Pin=J4-5
Added Pin To Net: NetName=GND Pin=J5-5
Added Pin To Net: NetName=GND Pin=P2-8
Added Pin To Net: NetName=GND Pin=R3-2
Added Pin To Net: NetName=GND Pin=R4-2
Added Pin To Net: NetName=GND Pin=R15-1
Added Pin To Net: NetName=GND Pin=R16-1
Added Pin To Net: NetName=GND Pin=R17-1
Added Pin To Net: NetName=GND Pin=R18-1
Added Pin To Net: NetName=GND Pin=R19-1
Added Pin To Net: NetName=GND Pin=R22-2
Added Pin To Net: NetName=GND Pin=SW2-2
Added Pin To Net: NetName=GND Pin=U1-1
Added Pin To Net: NetName=GND Pin=U1-57
Added Pin To Net: NetName=GND Pin=U2-7
Added Pin To Net: NetName=GND Pin=U2-8
Added Pin To Net: NetName=GND Pin=U2-14
Added Pin To Net: NetName=GND Pin=U2-16
Added Pin To Net: NetName=GND Pin=U2-17
Added Pin To Net: NetName=GND Pin=U3-4
Added Pin To Net: NetName=GND Pin=U3-17
Added Pin To Net: NetName=GND Pin=U3-20
Added Pin To Net: NetName=GND Pin=U3-24
Added Pin To Net: NetName=GND Pin=U3-26
Added Pin To Net: NetName=GND Pin=U3-33
Added Pin To Net: NetName=GND Pin=U4-8
Added Pin To Net: NetName=GND Pin=U4-17
Added Pin To Net: NetName=GND Pin=U4-18
Added Pin To Net: NetName=GND Pin=U4-23
Added Pin To Net: NetName=GND Pin=U4-30
Added Pin To Net: NetName=GND Pin=U4-31
Added Pin To Net: NetName=GND Pin=U4-33
Added Pin To Net: NetName=GND Pin=U5-3
Added Pin To Net: NetName=GND Pin=U6-4
Added Pin To Net: NetName=GND Pin=U6-9
Added Pin To Net: NetName=GND Pin=Y2-2
Added Pin To Net: NetName=GND Pin=Y2-4
Added Pin To Net: NetName=GND Pin=Y3-2
Added Pin To Net: NetName=GND Pin=Y3-4
Added Pin To Net: NetName=GND Pin=Y4-3
Added Net: Name=GND
Added Pin To Net: NetName=JTAG_TCK Pin=P2-3
Added Pin To Net: NetName=JTAG_TCK Pin=U1-46
Added Net: Name=JTAG_TCK
Added Pin To Net: NetName=JTAG_TDI Pin=P2-1
Added Pin To Net: NetName=JTAG_TDI Pin=U1-49
Added Net: Name=JTAG_TDI
Added Pin To Net: NetName=JTAG_TDO Pin=P2-2
Added Pin To Net: NetName=JTAG_TDO Pin=U1-48
Added Net: Name=JTAG_TDO
Added Pin To Net: NetName=JTAG_TMS Pin=P2-4
Added Pin To Net: NetName=JTAG_TMS Pin=U1-47
Added Net: Name=JTAG_TMS
Added Pin To Net: NetName=NetB1_1 Pin=B1-1
Added Pin To Net: NetName=NetB1_1 Pin=C40-1
Added Net: Name=NetB1_1
Added Pin To Net: NetName=NetB1_5 Pin=B1-5
Added Pin To Net: NetName=NetB1_5 Pin=C35-1
Added Pin To Net: NetName=NetB1_5 Pin=U4-20
Added Net: Name=NetB1_5
Added Pin To Net: NetName=NetB2_1 Pin=C42-1
Added Net: Name=NetB2_1
Added Pin To Net: NetName=NetC2_1 Pin=C2-1
Added Pin To Net: NetName=NetC2_1 Pin=U1-56
Added Net: Name=NetC2_1
Added Pin To Net: NetName=NetC4_1 Pin=C4-1
Added Pin To Net: NetName=NetC4_1 Pin=U1-32
Added Net: Name=NetC4_1
Added Pin To Net: NetName=NetC12_1 Pin=C12-1
Added Pin To Net: NetName=NetC12_1 Pin=R1-2
Added Pin To Net: NetName=NetC12_1 Pin=R2-1
Added Pin To Net: NetName=NetC12_1 Pin=U1-28
Added Net: Name=NetC12_1
Added Pin To Net: NetName=NetC13_1 Pin=C13-1
Added Pin To Net: NetName=NetC13_1 Pin=P1-2
Added Pin To Net: NetName=NetC13_1 Pin=U2-3
Added Net: Name=NetC13_1
Added Pin To Net: NetName=NetC20_1 Pin=C20-1
Added Pin To Net: NetName=NetC20_1 Pin=C23-1
Added Pin To Net: NetName=NetC20_1 Pin=FB2-1
Added Pin To Net: NetName=NetC20_1 Pin=U3-19
Added Net: Name=NetC20_1
Added Pin To Net: NetName=NetC26_1 Pin=C26-1
Added Pin To Net: NetName=NetC26_1 Pin=U1-45
Added Pin To Net: NetName=NetC26_1 Pin=Y1-2
Added Net: Name=NetC26_1
Added Pin To Net: NetName=NetC27_1 Pin=C27-1
Added Pin To Net: NetName=NetC27_1 Pin=R14-1
Added Pin To Net: NetName=NetC27_1 Pin=U1-44
Added Pin To Net: NetName=NetC27_1 Pin=Y1-1
Added Net: Name=NetC27_1
Added Pin To Net: NetName=NetC28_1 Pin=C28-1
Added Pin To Net: NetName=NetC28_1 Pin=C29-1
Added Pin To Net: NetName=NetC28_1 Pin=L2-1
Added Pin To Net: NetName=NetC28_1 Pin=U4-24
Added Pin To Net: NetName=NetC28_1 Pin=U4-26
Added Pin To Net: NetName=NetC28_1 Pin=U4-29
Added Net: Name=NetC28_1
Added Pin To Net: NetName=NetC30_1 Pin=C30-1
Added Pin To Net: NetName=NetC30_1 Pin=U4-2
Added Net: Name=NetC30_1
Added Pin To Net: NetName=NetC31_1 Pin=C31-1
Added Pin To Net: NetName=NetC31_1 Pin=U4-3
Added Net: Name=NetC31_1
Added Pin To Net: NetName=NetC36_1 Pin=C36-1
Added Pin To Net: NetName=NetC36_1 Pin=R20-2
Added Pin To Net: NetName=NetC36_1 Pin=R21-1
Added Pin To Net: NetName=NetC36_1 Pin=U4-19
Added Net: Name=NetC36_1
Added Pin To Net: NetName=NetC37_1 Pin=C37-1
Added Pin To Net: NetName=NetC37_1 Pin=U4-28
Added Pin To Net: NetName=NetC37_1 Pin=Y2-1
Added Net: Name=NetC37_1
Added Pin To Net: NetName=NetC38_1 Pin=C38-1
Added Pin To Net: NetName=NetC38_1 Pin=U4-27
Added Pin To Net: NetName=NetC38_1 Pin=Y2-3
Added Net: Name=NetC38_1
Added Pin To Net: NetName=NetC40_2 Pin=C40-2
Added Pin To Net: NetName=NetC40_2 Pin=SW2-1
Added Net: Name=NetC40_2
Added Pin To Net: NetName=NetC41_1 Pin=C41-1
Added Pin To Net: NetName=NetC41_1 Pin=SW2-5
Added Net: Name=NetC41_1
Added Pin To Net: NetName=NetC42_2 Pin=C42-2
Added Pin To Net: NetName=NetC42_2 Pin=SW2-3
Added Net: Name=NetC42_2
Added Pin To Net: NetName=NetC44_2 Pin=C44-2
Added Pin To Net: NetName=NetC44_2 Pin=U1-34
Added Pin To Net: NetName=NetC44_2 Pin=Y3-1
Added Net: Name=NetC44_2
Added Pin To Net: NetName=NetC45_2 Pin=C45-2
Added Pin To Net: NetName=NetC45_2 Pin=U1-35
Added Pin To Net: NetName=NetC45_2 Pin=Y3-3
Added Net: Name=NetC45_2
Added Pin To Net: NetName=NetD1_2 Pin=D1-2
Added Pin To Net: NetName=NetD1_2 Pin=R4-1
Added Net: Name=NetD1_2
Added Pin To Net: NetName=NetD2_1 Pin=D2-1
Added Pin To Net: NetName=NetD2_1 Pin=R10-1
Added Net: Name=NetD2_1
Added Pin To Net: NetName=NetD2_2 Pin=D2-2
Added Pin To Net: NetName=NetD2_2 Pin=U1-13
Added Net: Name=NetD2_2
Added Pin To Net: NetName=NetD3_1 Pin=D3-1
Added Pin To Net: NetName=NetD3_1 Pin=R11-1
Added Net: Name=NetD3_1
Added Pin To Net: NetName=NetD3_2 Pin=D3-2
Added Pin To Net: NetName=NetD3_2 Pin=U1-14
Added Net: Name=NetD3_2
Added Pin To Net: NetName=NetJ3_1 Pin=J3-1
Added Pin To Net: NetName=NetJ3_1 Pin=U1-51
Added Net: Name=NetJ3_1
Added Pin To Net: NetName=NetJ4_2 Pin=J4-2
Added Pin To Net: NetName=NetJ4_2 Pin=U1-7
Added Pin To Net: NetName=NetJ4_2 Pin=U4-11
Added Pin To Net: NetName=NetJ4_2 Pin=U6-6
Added Net: Name=NetJ4_2
Added Pin To Net: NetName=NetJ4_3 Pin=J4-3
Added Pin To Net: NetName=NetJ4_3 Pin=U1-6
Added Pin To Net: NetName=NetJ4_3 Pin=U4-13
Added Pin To Net: NetName=NetJ4_3 Pin=U6-5
Added Net: Name=NetJ4_3
Added Pin To Net: NetName=NetJ4_4 Pin=J4-4
Added Pin To Net: NetName=NetJ4_4 Pin=U1-5
Added Pin To Net: NetName=NetJ4_4 Pin=U4-14
Added Pin To Net: NetName=NetJ4_4 Pin=U6-2
Added Net: Name=NetJ4_4
Added Pin To Net: NetName=NetJ5_2 Pin=J5-2
Added Pin To Net: NetName=NetJ5_2 Pin=U1-9
Added Net: Name=NetJ5_2
Added Pin To Net: NetName=NetJ5_4 Pin=J5-4
Added Pin To Net: NetName=NetJ5_4 Pin=U1-50
Added Net: Name=NetJ5_4
Added Pin To Net: NetName=NetL1_2 Pin=L1-2
Added Pin To Net: NetName=NetL1_2 Pin=U2-1
Added Net: Name=NetL1_2
Added Pin To Net: NetName=NetL2_2 Pin=L2-2
Added Pin To Net: NetName=NetL2_2 Pin=L3-1
Added Net: Name=NetL2_2
Added Pin To Net: NetName=NetL3_2 Pin=L3-2
Added Pin To Net: NetName=NetL3_2 Pin=U4-32
Added Net: Name=NetL3_2
Added Pin To Net: NetName=NetR3_1 Pin=R3-1
Added Pin To Net: NetName=NetR3_1 Pin=U1-42
Added Net: Name=NetR3_1
Added Pin To Net: NetName=NetR6_1 Pin=R6-1
Added Pin To Net: NetName=NetR6_1 Pin=U3-32
Added Net: Name=NetR6_1
Added Pin To Net: NetName=NetR12_2 Pin=R12-2
Added Pin To Net: NetName=NetR12_2 Pin=U1-11
Added Pin To Net: NetName=NetR12_2 Pin=Y4-1
Added Net: Name=NetR12_2
Added Pin To Net: NetName=NetR13_2 Pin=R13-2
Added Pin To Net: NetName=NetR13_2 Pin=U1-12
Added Pin To Net: NetName=NetR13_2 Pin=Y4-8
Added Net: Name=NetR13_2
Added Pin To Net: NetName=NetR15_2 Pin=R15-2
Added Pin To Net: NetName=NetR15_2 Pin=SW1-2
Added Pin To Net: NetName=NetR15_2 Pin=U1-19
Added Net: Name=NetR15_2
Added Pin To Net: NetName=NetR16_2 Pin=R16-2
Added Pin To Net: NetName=NetR16_2 Pin=SW1-4
Added Pin To Net: NetName=NetR16_2 Pin=U1-20
Added Net: Name=NetR16_2
Added Pin To Net: NetName=NetR17_2 Pin=R17-2
Added Pin To Net: NetName=NetR17_2 Pin=SW1-6
Added Pin To Net: NetName=NetR17_2 Pin=U1-21
Added Net: Name=NetR17_2
Added Pin To Net: NetName=NetR18_2 Pin=R18-2
Added Pin To Net: NetName=NetR18_2 Pin=SW1-8
Added Pin To Net: NetName=NetR18_2 Pin=U1-22
Added Net: Name=NetR18_2
Added Pin To Net: NetName=NetR19_2 Pin=R19-2
Added Pin To Net: NetName=NetR19_2 Pin=SW1-10
Added Pin To Net: NetName=NetR19_2 Pin=U1-23
Added Net: Name=NetR19_2
Added Pin To Net: NetName=NetR20_1 Pin=R20-1
Added Pin To Net: NetName=NetR20_1 Pin=U1-54
Added Net: Name=NetR20_1
Added Pin To Net: NetName=NetR22_1 Pin=R22-1
Added Pin To Net: NetName=NetR22_1 Pin=U4-25
Added Net: Name=NetR22_1
Added Pin To Net: NetName=NetR23_2 Pin=R23-2
Added Pin To Net: NetName=NetR23_2 Pin=U1-25
Added Pin To Net: NetName=NetR23_2 Pin=U6-7
Added Net: Name=NetR23_2
Added Pin To Net: NetName=NetR24_2 Pin=R24-2
Added Pin To Net: NetName=NetR24_2 Pin=U1-27
Added Pin To Net: NetName=NetR24_2 Pin=U6-3
Added Net: Name=NetR24_2
Added Pin To Net: NetName=NetU1_8 Pin=U1-8
Added Net: Name=NetU1_8
Added Pin To Net: NetName=NetU1_16 Pin=U1-16
Added Pin To Net: NetName=NetU1_16 Pin=U3-30
Added Net: Name=NetU1_16
Added Pin To Net: NetName=NetU1_17 Pin=U1-17
Added Pin To Net: NetName=NetU1_17 Pin=U3-2
Added Net: Name=NetU1_17
Added Pin To Net: NetName=NetU1_18 Pin=U1-18
Added Pin To Net: NetName=NetU1_18 Pin=U3-31
Added Net: Name=NetU1_18
Added Pin To Net: NetName=NetU1_26 Pin=U1-26
Added Pin To Net: NetName=NetU1_26 Pin=U6-1
Added Net: Name=NetU1_26
Added Pin To Net: NetName=NetU1_29 Pin=U1-29
Added Pin To Net: NetName=NetU1_29 Pin=U4-12
Added Net: Name=NetU1_29
Added Pin To Net: NetName=NetU2_6 Pin=U2-6
Added Pin To Net: NetName=NetU2_6 Pin=U2-10
Added Net: Name=NetU2_6
Added Pin To Net: NetName=NETWORK_INT Pin=J5-3
Added Pin To Net: NetName=NETWORK_INT Pin=R14-2
Added Net: Name=NETWORK_INT
Added Pin To Net: NetName=NetY4_2 Pin=Y4-2
Added Net: Name=NetY4_2
Added Pin To Net: NetName=RTC_INT Pin=U1-52
Added Pin To Net: NetName=RTC_INT Pin=Y4-6
Added Net: Name=RTC_INT
Added Pin To Net: NetName=USB_FTDI_N Pin=R5-1
Added Pin To Net: NetName=USB_FTDI_N Pin=U3-15
Added Net: Name=USB_FTDI_N
Added Pin To Net: NetName=USB_FTDI_P Pin=R7-1
Added Pin To Net: NetName=USB_FTDI_P Pin=U3-14
Added Net: Name=USB_FTDI_P
Added Pin To Net: NetName=USB_MCU_N Pin=C25-1
Added Pin To Net: NetName=USB_MCU_N Pin=R8-2
Added Pin To Net: NetName=USB_MCU_N Pin=U1-3
Added Net: Name=USB_MCU_N
Added Pin To Net: NetName=USB_MCU_P Pin=C24-1
Added Pin To Net: NetName=USB_MCU_P Pin=R9-2
Added Pin To Net: NetName=USB_MCU_P Pin=U1-2
Added Net: Name=USB_MCU_P
Added Pin To Net: NetName=USB_N Pin=J1-2
Added Pin To Net: NetName=USB_N Pin=R5-2
Added Pin To Net: NetName=USB_N Pin=R8-1
Added Net: Name=USB_N
Added Pin To Net: NetName=USB_P Pin=J1-3
Added Pin To Net: NetName=USB_P Pin=R7-2
Added Pin To Net: NetName=USB_P Pin=R9-1
Added Net: Name=USB_P
Added Pin To Net: NetName=VCC3.3_MAIN Pin=C1-1
Added Pin To Net: NetName=VCC3.3_MAIN Pin=C3-1
Added Pin To Net: NetName=VCC3.3_MAIN Pin=C5-1
Added Pin To Net: NetName=VCC3.3_MAIN Pin=C6-1
Added Pin To Net: NetName=VCC3.3_MAIN Pin=C7-1
Added Pin To Net: NetName=VCC3.3_MAIN Pin=C8-1
Added Pin To Net: NetName=VCC3.3_MAIN Pin=C9-1
Added Pin To Net: NetName=VCC3.3_MAIN Pin=C10-1
Added Pin To Net: NetName=VCC3.3_MAIN Pin=C11-1
Added Pin To Net: NetName=VCC3.3_MAIN Pin=C16-1
Added Pin To Net: NetName=VCC3.3_MAIN Pin=C17-1
Added Pin To Net: NetName=VCC3.3_MAIN Pin=C18-1
Added Pin To Net: NetName=VCC3.3_MAIN Pin=C32-1
Added Pin To Net: NetName=VCC3.3_MAIN Pin=C33-1
Added Pin To Net: NetName=VCC3.3_MAIN Pin=C34-1
Added Pin To Net: NetName=VCC3.3_MAIN Pin=C46-1
Added Pin To Net: NetName=VCC3.3_MAIN Pin=C47-1
Added Pin To Net: NetName=VCC3.3_MAIN Pin=FB1-1
Added Pin To Net: NetName=VCC3.3_MAIN Pin=R1-1
Added Pin To Net: NetName=VCC3.3_MAIN Pin=R10-2
Added Pin To Net: NetName=VCC3.3_MAIN Pin=R11-2
Added Pin To Net: NetName=VCC3.3_MAIN Pin=R12-1
Added Pin To Net: NetName=VCC3.3_MAIN Pin=R13-1
Added Pin To Net: NetName=VCC3.3_MAIN Pin=R21-2
Added Pin To Net: NetName=VCC3.3_MAIN Pin=R23-1
Added Pin To Net: NetName=VCC3.3_MAIN Pin=R24-1
Added Pin To Net: NetName=VCC3.3_MAIN Pin=SW1-1
Added Pin To Net: NetName=VCC3.3_MAIN Pin=SW1-3
Added Pin To Net: NetName=VCC3.3_MAIN Pin=SW1-5
Added Pin To Net: NetName=VCC3.3_MAIN Pin=SW1-7
Added Pin To Net: NetName=VCC3.3_MAIN Pin=SW1-9
Added Pin To Net: NetName=VCC3.3_MAIN Pin=U1-10
Added Pin To Net: NetName=VCC3.3_MAIN Pin=U1-15
Added Pin To Net: NetName=VCC3.3_MAIN Pin=U1-24
Added Pin To Net: NetName=VCC3.3_MAIN Pin=U1-33
Added Pin To Net: NetName=VCC3.3_MAIN Pin=U1-36
Added Pin To Net: NetName=VCC3.3_MAIN Pin=U1-39
Added Pin To Net: NetName=VCC3.3_MAIN Pin=U1-40
Added Pin To Net: NetName=VCC3.3_MAIN Pin=U1-41
Added Pin To Net: NetName=VCC3.3_MAIN Pin=U1-43
Added Pin To Net: NetName=VCC3.3_MAIN Pin=U1-55
Added Pin To Net: NetName=VCC3.3_MAIN Pin=U4-1
Added Pin To Net: NetName=VCC3.3_MAIN Pin=U4-9
Added Pin To Net: NetName=VCC3.3_MAIN Pin=U6-8
Added Pin To Net: NetName=VCC3.3_MAIN Pin=Y4-5
Added Net: Name=VCC3.3_MAIN
Added Pin To Net: NetName=VCC3.3_USB Pin=C19-1
Added Pin To Net: NetName=VCC3.3_USB Pin=D1-1
Added Pin To Net: NetName=VCC3.3_USB Pin=U1-4
Added Pin To Net: NetName=VCC3.3_USB Pin=U3-1
Added Pin To Net: NetName=VCC3.3_USB Pin=U3-16
Added Net: Name=VCC3.3_USB
Added Pin To Net: NetName=VCC3.3 Pin=C14-1
Added Pin To Net: NetName=VCC3.3 Pin=C15-1
Added Pin To Net: NetName=VCC3.3 Pin=FB1-2
Added Pin To Net: NetName=VCC3.3 Pin=J5-1
Added Pin To Net: NetName=VCC3.3 Pin=L1-1
Added Pin To Net: NetName=VCC3.3 Pin=P2-5
Added Pin To Net: NetName=VCC3.3 Pin=U2-9
Added Net: Name=VCC3.3
Added Pin To Net: NetName=VCONT1 Pin=C39-2
Added Pin To Net: NetName=VCONT1 Pin=SW2-6
Added Pin To Net: NetName=VCONT1 Pin=U1-53
Added Pin To Net: NetName=VCONT1 Pin=U5-2
Added Net: Name=VCONT1
Added Pin To Net: NetName=VCONT2 Pin=C43-1
Added Pin To Net: NetName=VCONT2 Pin=SW2-4
Added Pin To Net: NetName=VCONT2 Pin=U5-4
Added Net: Name=VCONT2
Added Pin To Net: NetName=VIN Pin=J2-1
Added Pin To Net: NetName=VIN Pin=J4-1
Added Pin To Net: NetName=VIN Pin=P1-1
Added Net: Name=VIN
Added Pin To Net: NetName=VUSB Pin=C21-1
Added Pin To Net: NetName=VUSB Pin=C22-1
Added Pin To Net: NetName=VUSB Pin=FB2-2
Added Pin To Net: NetName=VUSB Pin=J1-1
Added Pin To Net: NetName=VUSB Pin=P1-3
Added Net: Name=VUSB
Added Class: Name=U_main_connector
Added Class: Name=U_main_ftdi
Added Class: Name=U_main_IO
Added Class: Name=U_main_mem
Added Class: Name=U_main_pwr
Added Class: Name=U_main_rf
Added Class: Name=U_main_rtc
Added Differential Pair: Name=BLE_ANT
Added Differential Pair: Name=CC2538_RF
Added Differential Pair: Name=USB_FTDI
Added Differential Pair: Name=USB_MCU
Added Differential Pair: Name=USB
Added Room: Name=U_main_connector
Added Room: Name=U_main_ftdi
Added Room: Name=U_main_IO
Added Room: Name=U_main_mem
Added Room: Name=U_main_pwr
Added Room: Name=U_main_rf
Added Room: Name=U_main_rtc
